<?xml version="1.0" encoding="UTF-8"?>
<!-- Generated by org.testng.reporters.JUnitReportReporter -->
<testsuite skipped="0" hostname="Govardhan-PC" name="com.tests.LoginTestScripts" tests="1" failures="0" timestamp="12 Jul 2019 16:35:14 GMT" time="23.031" errors="0">
  <testcase name="Login" time="23.031" classname="com.tests.LoginTestScripts"/>
</testsuite> <!-- com.tests.LoginTestScripts -->
